Using pre-set license
Built from '2022.3/staging' branch; Version is '2022.3.55f1 (9f374180d209) revision 10434369'; Using compiler version '192829333'; Build Type 'Release'
OS: 'Windows 10  (10.0.19045) 64bit Core' Language: 'ko' Physical Memory: 14181 MB
BatchMode: 1, IsHumanControllingUs: 0, StartBugReporterOnCrash: 0, Is64bit: 1, IsPro: 1

COMMAND LINE ARGUMENTS:
C:\Program Files\Unity\Hub\Editor\2022.3.55f1\Editor\Unity.exe
-adb2
-batchMode
-noUpm
-name
AssetImportWorker1
-projectPath
C:/Unity_ToyProject/LikeVampireSurvival
-logFile
Logs/AssetImportWorker1.log
-srvPort
52950
Successfully changed project path to: C:/Unity_ToyProject/LikeVampireSurvival
C:/Unity_ToyProject/LikeVampireSurvival
[UnityMemory] Configuration Parameters - Can be set up in boot.config
    "memorysetup-bucket-allocator-granularity=16"
    "memorysetup-bucket-allocator-bucket-count=8"
    "memorysetup-bucket-allocator-block-size=33554432"
    "memorysetup-bucket-allocator-block-count=8"
    "memorysetup-main-allocator-block-size=16777216"
    "memorysetup-thread-allocator-block-size=16777216"
    "memorysetup-gfx-main-allocator-block-size=16777216"
    "memorysetup-gfx-thread-allocator-block-size=16777216"
    "memorysetup-cache-allocator-block-size=4194304"
    "memorysetup-typetree-allocator-block-size=2097152"
    "memorysetup-profiler-bucket-allocator-granularity=16"
    "memorysetup-profiler-bucket-allocator-bucket-count=8"
    "memorysetup-profiler-bucket-allocator-block-size=33554432"
    "memorysetup-profiler-bucket-allocator-block-count=8"
    "memorysetup-profiler-allocator-block-size=16777216"
    "memorysetup-profiler-editor-allocator-block-size=1048576"
    "memorysetup-temp-allocator-size-main=16777216"
    "memorysetup-job-temp-allocator-block-size=2097152"
    "memorysetup-job-temp-allocator-block-size-background=1048576"
    "memorysetup-job-temp-allocator-reduction-small-platforms=262144"
    "memorysetup-allocator-temp-initial-block-size-main=262144"
    "memorysetup-allocator-temp-initial-block-size-worker=262144"
    "memorysetup-temp-allocator-size-background-worker=32768"
    "memorysetup-temp-allocator-size-job-worker=262144"
    "memorysetup-temp-allocator-size-preload-manager=33554432"
    "memorysetup-temp-allocator-size-nav-mesh-worker=65536"
    "memorysetup-temp-allocator-size-audio-worker=65536"
    "memorysetup-temp-allocator-size-cloud-worker=32768"
    "memorysetup-temp-allocator-size-gi-baking-worker=262144"
    "memorysetup-temp-allocator-size-gfx=262144"
Player connection [2420]  Target information:

Player connection [2420]  * "[IP] 172.30.1.64 [Port] 0 [Flags] 2 [Guid] 108916256 [EditorId] 108916256 [Version] 1048832 [Id] WindowsEditor(7,DESKTOP-LCCHC9I) [Debug] 1 [PackageName] WindowsEditor [ProjectName] Editor" 

Player connection [2420] Host joined multi-casting on [225.0.0.222:54997]...
Player connection [2420] Host joined alternative multi-casting on [225.0.0.222:34997]...
[PhysX] Initialized MultithreadedTaskDispatcher with 12 workers.
Refreshing native plugins compatible for Editor in 10.71 ms, found 4 plugins.
Preloading 0 native plugins for Editor in 0.00 ms.
Initialize engine version: 2022.3.55f1 (9f374180d209)
[Subsystems] Discovering subsystems at path C:/Program Files/Unity/Hub/Editor/2022.3.55f1/Editor/Data/Resources/UnitySubsystems
[Subsystems] Discovering subsystems at path C:/Unity_ToyProject/LikeVampireSurvival/Assets
GfxDevice: creating device client; threaded=0; jobified=0
Direct3D:
    Version:  Direct3D 11.0 [level 11.1]
    Renderer: AMD Radeon (TM) Graphics (ID=0x15e7)
    Vendor:   ATI
    VRAM:     7090 MB
    Driver:   31.0.21024.2004
Initialize mono
Mono path[0] = 'C:/Program Files/Unity/Hub/Editor/2022.3.55f1/Editor/Data/Managed'
Mono path[1] = 'C:/Program Files/Unity/Hub/Editor/2022.3.55f1/Editor/Data/MonoBleedingEdge/lib/mono/unityjit-win32'
Mono config path = 'C:/Program Files/Unity/Hub/Editor/2022.3.55f1/Editor/Data/MonoBleedingEdge/etc'
Using monoOptions --debugger-agent=transport=dt_socket,embedding=1,server=y,suspend=n,address=127.0.0.1:56312
Begin MonoManager ReloadAssembly
Registering precompiled unity dll's ...
Register platform support module: C:/Program Files/Unity/Hub/Editor/2022.3.55f1/Editor/Data/PlaybackEngines/AndroidPlayer/UnityEditor.Android.Extensions.dll
Register platform support module: C:/Program Files/Unity/Hub/Editor/2022.3.55f1/Editor/Data/PlaybackEngines/WindowsStandaloneSupport/UnityEditor.WindowsStandalone.Extensions.dll
Registered in 0.009365 seconds.
- Loaded All Assemblies, in  0.334 seconds
Native extension for WindowsStandalone target not found
Native extension for Android target not found
Android Extension - Scanning For ADB Devices 238 ms
Mono: successfully reloaded assembly
- Finished resetting the current domain, in  0.503 seconds
Domain Reload Profiling: 835ms
	BeginReloadAssembly (107ms)
		ExecutionOrderSort (0ms)
		DisableScriptedObjects (0ms)
		BackupInstance (0ms)
		ReleaseScriptingObjects (0ms)
		CreateAndSetChildDomain (1ms)
	RebuildCommonClasses (30ms)
	RebuildNativeTypeToScriptingClass (8ms)
	initialDomainReloadingComplete (55ms)
	LoadAllAssembliesAndSetupDomain (133ms)
		LoadAssemblies (105ms)
		RebuildTransferFunctionScriptingTraits (0ms)
		AnalyzeDomain (130ms)
			TypeCache.Refresh (128ms)
				TypeCache.ScanAssembly (117ms)
			ScanForSourceGeneratedMonoScriptInfo (0ms)
			ResolveRequiredComponents (0ms)
	FinalizeReload (503ms)
		ReleaseScriptCaches (0ms)
		RebuildScriptCaches (0ms)
		SetupLoadedEditorAssemblies (462ms)
			LogAssemblyErrors (0ms)
			InitializePlatformSupportModulesInManaged (308ms)
			SetLoadedEditorAssemblies (4ms)
			RefreshPlugins (0ms)
			BeforeProcessingInitializeOnLoad (2ms)
			ProcessInitializeOnLoadAttributes (110ms)
			ProcessInitializeOnLoadMethodAttributes (38ms)
			AfterProcessingInitializeOnLoad (0ms)
			EditorAssembliesLoaded (0ms)
		ExecutionOrderSort2 (0ms)
		AwakeInstancesAfterBackupRestoration (0ms)
========================================================================
Worker process is ready to serve import requests
Caller must complete domain reload
Begin MonoManager ReloadAssembly
- Loaded All Assemblies, in  0.655 seconds
Native extension for WindowsStandalone target not found
Native extension for Android target not found
Mono: successfully reloaded assembly
- Finished resetting the current domain, in  0.630 seconds
Domain Reload Profiling: 1282ms
	BeginReloadAssembly (156ms)
		ExecutionOrderSort (0ms)
		DisableScriptedObjects (5ms)
		BackupInstance (0ms)
		ReleaseScriptingObjects (0ms)
		CreateAndSetChildDomain (25ms)
	RebuildCommonClasses (36ms)
	RebuildNativeTypeToScriptingClass (9ms)
	initialDomainReloadingComplete (38ms)
	LoadAllAssembliesAndSetupDomain (413ms)
		LoadAssemblies (333ms)
		RebuildTransferFunctionScriptingTraits (0ms)
		AnalyzeDomain (175ms)
			TypeCache.Refresh (149ms)
				TypeCache.ScanAssembly (131ms)
			ScanForSourceGeneratedMonoScriptInfo (20ms)
			ResolveRequiredComponents (5ms)
	FinalizeReload (630ms)
		ReleaseScriptCaches (0ms)
		RebuildScriptCaches (0ms)
		SetupLoadedEditorAssemblies (482ms)
			LogAssemblyErrors (0ms)
			InitializePlatformSupportModulesInManaged (18ms)
			SetLoadedEditorAssemblies (4ms)
			RefreshPlugins (0ms)
			BeforeProcessingInitializeOnLoad (76ms)
			ProcessInitializeOnLoadAttributes (341ms)
			ProcessInitializeOnLoadMethodAttributes (35ms)
			AfterProcessingInitializeOnLoad (8ms)
			EditorAssembliesLoaded (0ms)
		ExecutionOrderSort2 (0ms)
		AwakeInstancesAfterBackupRestoration (6ms)
Launched and connected shader compiler UnityShaderCompiler.exe after 0.04 seconds
Refreshing native plugins compatible for Editor in 4.71 ms, found 4 plugins.
Preloading 0 native plugins for Editor in 0.00 ms.
Unloading 3960 Unused Serialized files (Serialized files now loaded: 0)
Unloading 38 unused Assets / (Unknown). Loaded Objects now: 4425.
Memory consumption went from 142.8 MB to 143.0 MB.
Total: 3.603100 ms (FindLiveObjects: 0.277600 ms CreateObjectMapping: 0.094500 ms MarkObjects: 3.012500 ms  DeleteObjects: 0.217800 ms)

AssetImportParameters requested are different than current active one (requested -> active):
  custom:container-demuxer-ogg: 62fdf1f143b41e24485cea50d1cbac27 -> 
  custom:video-decoder-ogg-theora: a1e56fd34408186e4bbccfd4996cb3dc -> 
  custom:framework-win-MediaFoundation: 216162199b28c13a410421893ffa2e32 -> 
  custom:CustomObjectIndexerAttribute: 9a22284fe3817be447336de3de66b15e -> 
  custom:container-demuxer-webm: 4f35f7cbe854078d1ac9338744f61a02 -> 
  custom:container-muxer-webm: aa71ff27fc2769a1b78a27578f13a17b -> 
  custom:video-decoder-webm-vp8: 9c59270c3fd7afecdb556c50c9e8de78 -> 
  custom:SearchIndexIgnoredProperties: e643bd26f0fe6173181afceb89e7c659 -> 
  custom:AudioImporter_EditorPlatform: d09bf68614088b80899f8185d706f6e7 -> 
  custom:video-encoder-webm-vp8: eb34c28f22e8b96e1ab97ce403110664 -> 
  custom:audio-decoder-ogg-vorbis: bf7c407c2cedff20999df2af8eb42d56 -> 
  custom:audio-encoder-webm-vorbis: bf7c407c2cedff20999df2af8eb42d56 -> 
========================================================================
Received Import Request.
  Time since last request: 6969.620569 seconds.
  path: Assets/Undead Survivor/Complete Pack.unitypackage
  artifactKey: Guid(030e7f4fbd7038847858e7cd3a17b66f) Importer(2089858483,0ecaa5967403d082aa24f35e1b516d23)
Start importing Assets/Undead Survivor/Complete Pack.unitypackage using Guid(030e7f4fbd7038847858e7cd3a17b66f) Importer(2089858483,0ecaa5967403d082aa24f35e1b516d23) [PhysX] Initialized MultithreadedTaskDispatcher with 12 workers.
 -> (artifact id: '2e9ff38df26b5e05579c53660e7ee679') in 0.069896 seconds
Number of updated asset objects reloaded before import = 0
Number of asset objects unloaded after import = 1
========================================================================
Received Import Request.
  Time since last request: 0.000030 seconds.
  path: Assets/Undead Survivor/Sprites/Enemy 4.png
  artifactKey: Guid(c4d2ccab0c2ad7e47853b6e31a7ac7c2) Importer(2089858483,0ecaa5967403d082aa24f35e1b516d23)
Start importing Assets/Undead Survivor/Sprites/Enemy 4.png using Guid(c4d2ccab0c2ad7e47853b6e31a7ac7c2) Importer(2089858483,0ecaa5967403d082aa24f35e1b516d23) [PhysX] Initialized MultithreadedTaskDispatcher with 12 workers.
 -> (artifact id: 'e4f014b27fc15cd3bbad83a9e04593fa') in 0.097988 seconds
Number of updated asset objects reloaded before import = 0
Number of asset objects unloaded after import = 6
========================================================================
Received Import Request.
  Time since last request: 0.000028 seconds.
  path: Assets/Undead Survivor/Animations/Enemy/AcEnemy 1.overrideController
  artifactKey: Guid(050556270436d4f4288557291a1a99c0) Importer(2089858483,0ecaa5967403d082aa24f35e1b516d23)
Start importing Assets/Undead Survivor/Animations/Enemy/AcEnemy 1.overrideController using Guid(050556270436d4f4288557291a1a99c0) Importer(2089858483,0ecaa5967403d082aa24f35e1b516d23) [PhysX] Initialized MultithreadedTaskDispatcher with 12 workers.
 -> (artifact id: '24c4f438eab7ef5bc359071373d43165') in 0.022434 seconds
Number of updated asset objects reloaded before import = 0
Number of asset objects unloaded after import = 16
========================================================================
Received Import Request.
  Time since last request: 0.000035 seconds.
  path: Assets/Undead Survivor/Sprites/Enemy 1.png
  artifactKey: Guid(3bcb7877229a5334da528f2f0872b5c3) Importer(2089858483,0ecaa5967403d082aa24f35e1b516d23)
Start importing Assets/Undead Survivor/Sprites/Enemy 1.png using Guid(3bcb7877229a5334da528f2f0872b5c3) Importer(2089858483,0ecaa5967403d082aa24f35e1b516d23) [PhysX] Initialized MultithreadedTaskDispatcher with 12 workers.
 -> (artifact id: '01d1eceb53b01667f30c89b68e1270da') in 0.029932 seconds
Number of updated asset objects reloaded before import = 0
Number of asset objects unloaded after import = 10
========================================================================
Received Import Request.
  Time since last request: 0.000020 seconds.
  path: Assets/Undead Survivor/Audio/Lose.wav
  artifactKey: Guid(c8a3fe17a6641ec48b38fb455a40a223) Importer(2089858483,0ecaa5967403d082aa24f35e1b516d23)
Start importing Assets/Undead Survivor/Audio/Lose.wav using Guid(c8a3fe17a6641ec48b38fb455a40a223) Importer(2089858483,0ecaa5967403d082aa24f35e1b516d23) [PhysX] Initialized MultithreadedTaskDispatcher with 12 workers.
 -> (artifact id: '25badacb4d60dcd7ee04859502ecbb5c') in 0.048093 seconds
Number of updated asset objects reloaded before import = 0
Number of asset objects unloaded after import = 1
========================================================================
Received Import Request.
  Time since last request: 0.000026 seconds.
  path: Assets/Undead Survivor/Audio/Melee0.wav
  artifactKey: Guid(14f24de2a9a70154e96297de25e2184c) Importer(2089858483,0ecaa5967403d082aa24f35e1b516d23)
Start importing Assets/Undead Survivor/Audio/Melee0.wav using Guid(14f24de2a9a70154e96297de25e2184c) Importer(2089858483,0ecaa5967403d082aa24f35e1b516d23) [PhysX] Initialized MultithreadedTaskDispatcher with 12 workers.
 -> (artifact id: '17f50966dd85355250cc851413303848') in 0.027894 seconds
Number of updated asset objects reloaded before import = 0
Number of asset objects unloaded after import = 1
========================================================================
Received Import Request.
  Time since last request: 0.000023 seconds.
  path: Assets/Undead Survivor/Sprites/Enemy 2.png
  artifactKey: Guid(4104ee12b4d54f54b91b3ba875787837) Importer(2089858483,0ecaa5967403d082aa24f35e1b516d23)
Start importing Assets/Undead Survivor/Sprites/Enemy 2.png using Guid(4104ee12b4d54f54b91b3ba875787837) Importer(2089858483,0ecaa5967403d082aa24f35e1b516d23) [PhysX] Initialized MultithreadedTaskDispatcher with 12 workers.
 -> (artifact id: '762eacf5524c9bdc419956290e4ac2e8') in 0.028146 seconds
Number of updated asset objects reloaded before import = 0
Number of asset objects unloaded after import = 10
========================================================================
Received Import Request.
  Time since last request: 0.000026 seconds.
  path: Assets/Undead Survivor/Tiles/RanTile.asset
  artifactKey: Guid(a689960881fca7843948244b3ebf663a) Importer(2089858483,0ecaa5967403d082aa24f35e1b516d23)
Start importing Assets/Undead Survivor/Tiles/RanTile.asset using Guid(a689960881fca7843948244b3ebf663a) Importer(2089858483,0ecaa5967403d082aa24f35e1b516d23) [PhysX] Initialized MultithreadedTaskDispatcher with 12 workers.
 -> (artifact id: 'c6e625230c94135b45cb2de453c45bdc') in 0.052270 seconds
Number of updated asset objects reloaded before import = 0
Number of asset objects unloaded after import = 7
========================================================================
Received Import Request.
  Time since last request: 0.000029 seconds.
  path: Assets/Undead Survivor/Audio/Melee1.wav
  artifactKey: Guid(d1bef3102d08ba944ac7bcac65733a26) Importer(2089858483,0ecaa5967403d082aa24f35e1b516d23)
Start importing Assets/Undead Survivor/Audio/Melee1.wav using Guid(d1bef3102d08ba944ac7bcac65733a26) Importer(2089858483,0ecaa5967403d082aa24f35e1b516d23) [PhysX] Initialized MultithreadedTaskDispatcher with 12 workers.
 -> (artifact id: '711ffbde70e0a937b9e1faa509e6349f') in 0.030115 seconds
Number of updated asset objects reloaded before import = 0
Number of asset objects unloaded after import = 1
========================================================================
Received Import Request.
  Time since last request: 0.000024 seconds.
  path: Assets/Undead Survivor/Sprites/Tiles.png
  artifactKey: Guid(9ee30eb7d2f1f404790266ee96a67099) Importer(2089858483,0ecaa5967403d082aa24f35e1b516d23)
Start importing Assets/Undead Survivor/Sprites/Tiles.png using Guid(9ee30eb7d2f1f404790266ee96a67099) Importer(2089858483,0ecaa5967403d082aa24f35e1b516d23) [PhysX] Initialized MultithreadedTaskDispatcher with 12 workers.
 -> (artifact id: '076ae3642527719c9b5103e39ab17ca1') in 0.028274 seconds
Number of updated asset objects reloaded before import = 0
Number of asset objects unloaded after import = 8
========================================================================
Received Import Request.
  Time since last request: 0.000036 seconds.
  path: Assets/Undead Survivor/Sprites/Farmer 1.png
  artifactKey: Guid(0c187a32c5bde4747be8d00770b07403) Importer(2089858483,0ecaa5967403d082aa24f35e1b516d23)
Start importing Assets/Undead Survivor/Sprites/Farmer 1.png using Guid(0c187a32c5bde4747be8d00770b07403) Importer(2089858483,0ecaa5967403d082aa24f35e1b516d23) [PhysX] Initialized MultithreadedTaskDispatcher with 12 workers.
 -> (artifact id: '799a0b66f61694bc6e338c9ee7142d11') in 0.035613 seconds
Number of updated asset objects reloaded before import = 0
Number of asset objects unloaded after import = 14
========================================================================
Received Import Request.
  Time since last request: 0.000031 seconds.
  path: Assets/Undead Survivor/Animations/Enemy/DeadEnemy 0.anim
  artifactKey: Guid(59d07ac3ded26ef4190eb2f038ef5d2c) Importer(2089858483,0ecaa5967403d082aa24f35e1b516d23)
Start importing Assets/Undead Survivor/Animations/Enemy/DeadEnemy 0.anim using Guid(59d07ac3ded26ef4190eb2f038ef5d2c) Importer(2089858483,0ecaa5967403d082aa24f35e1b516d23) [PhysX] Initialized MultithreadedTaskDispatcher with 12 workers.
 -> (artifact id: '55df8c5f27e0c1549cf7f4fa3d2b7be5') in 0.026922 seconds
Number of updated asset objects reloaded before import = 0
Number of asset objects unloaded after import = 1
========================================================================
Received Import Request.
  Time since last request: 0.000026 seconds.
  path: Assets/Undead Survivor/Sprites/Farmer 2.png
  artifactKey: Guid(8f7a60065e3984c489b9c4d41bc3dc4e) Importer(2089858483,0ecaa5967403d082aa24f35e1b516d23)
Start importing Assets/Undead Survivor/Sprites/Farmer 2.png using Guid(8f7a60065e3984c489b9c4d41bc3dc4e) Importer(2089858483,0ecaa5967403d082aa24f35e1b516d23) [PhysX] Initialized MultithreadedTaskDispatcher with 12 workers.
 -> (artifact id: 'b0fbc1baf6ebd216caf41c5085f4b098') in 0.033599 seconds
Number of updated asset objects reloaded before import = 0
Number of asset objects unloaded after import = 14
========================================================================
Received Import Request.
  Time since last request: 0.000022 seconds.
  path: Assets/Undead Survivor/Audio/Hit0.wav
  artifactKey: Guid(0bddcb411d826e14bb26d40ae45d8e22) Importer(2089858483,0ecaa5967403d082aa24f35e1b516d23)
Start importing Assets/Undead Survivor/Audio/Hit0.wav using Guid(0bddcb411d826e14bb26d40ae45d8e22) Importer(2089858483,0ecaa5967403d082aa24f35e1b516d23) [PhysX] Initialized MultithreadedTaskDispatcher with 12 workers.
 -> (artifact id: 'f5d35f65fbc688737850cf229a5222da') in 0.025701 seconds
Number of updated asset objects reloaded before import = 0
Number of asset objects unloaded after import = 1
========================================================================
Received Import Request.
  Time since last request: 0.000026 seconds.
  path: Assets/Undead Survivor/Animations/Enemy/HitEnemy 4.anim
  artifactKey: Guid(6a46f5dc3fb296a46b193c1f02f99119) Importer(2089858483,0ecaa5967403d082aa24f35e1b516d23)
Start importing Assets/Undead Survivor/Animations/Enemy/HitEnemy 4.anim using Guid(6a46f5dc3fb296a46b193c1f02f99119) Importer(2089858483,0ecaa5967403d082aa24f35e1b516d23) [PhysX] Initialized MultithreadedTaskDispatcher with 12 workers.
 -> (artifact id: 'a3075b29067e2aa8b8e6f730b57043d9') in 0.018831 seconds
Number of updated asset objects reloaded before import = 0
Number of asset objects unloaded after import = 1
========================================================================
Received Import Request.
  Time since last request: 0.000022 seconds.
  path: Assets/Undead Survivor/Animations/Enemy/HitEnemy 0.anim
  artifactKey: Guid(73e523c9f83f7514592d0f96d2c26d67) Importer(2089858483,0ecaa5967403d082aa24f35e1b516d23)
Start importing Assets/Undead Survivor/Animations/Enemy/HitEnemy 0.anim using Guid(73e523c9f83f7514592d0f96d2c26d67) Importer(2089858483,0ecaa5967403d082aa24f35e1b516d23) [PhysX] Initialized MultithreadedTaskDispatcher with 12 workers.
 -> (artifact id: 'b6b16087cc52453a318d2d7127648c1b') in 0.018414 seconds
Number of updated asset objects reloaded before import = 0
Number of asset objects unloaded after import = 1
========================================================================
Received Import Request.
  Time since last request: 0.000018 seconds.
  path: Assets/Undead Survivor/Audio/BGM.wav
  artifactKey: Guid(4559935c00ef8e94b846e2e03e39f0d0) Importer(2089858483,0ecaa5967403d082aa24f35e1b516d23)
Start importing Assets/Undead Survivor/Audio/BGM.wav using Guid(4559935c00ef8e94b846e2e03e39f0d0) Importer(2089858483,0ecaa5967403d082aa24f35e1b516d23) [PhysX] Initialized MultithreadedTaskDispatcher with 12 workers.
 -> (artifact id: 'cad55611a0909f4b9a8b32c0f6955f66') in 0.310672 seconds
Number of updated asset objects reloaded before import = 0
Number of asset objects unloaded after import = 1
========================================================================
Received Import Request.
  Time since last request: 0.000025 seconds.
  path: Assets/Undead Survivor/Animations/Enemy/RunEnemy 1.anim
  artifactKey: Guid(f9fa0eff94f5c1b44a0e75ebc7f67861) Importer(2089858483,0ecaa5967403d082aa24f35e1b516d23)
Start importing Assets/Undead Survivor/Animations/Enemy/RunEnemy 1.anim using Guid(f9fa0eff94f5c1b44a0e75ebc7f67861) Importer(2089858483,0ecaa5967403d082aa24f35e1b516d23) [PhysX] Initialized MultithreadedTaskDispatcher with 12 workers.
 -> (artifact id: 'c04dfecfedf931f069369834786bc1ed') in 0.014497 seconds
Number of updated asset objects reloaded before import = 0
Number of asset objects unloaded after import = 1
========================================================================
Received Import Request.
  Time since last request: 0.000046 seconds.
  path: Assets/Undead Survivor/ReadMe Jp.pdf
  artifactKey: Guid(105ed2a811f9c1c419d075927da41abc) Importer(2089858483,0ecaa5967403d082aa24f35e1b516d23)
Start importing Assets/Undead Survivor/ReadMe Jp.pdf using Guid(105ed2a811f9c1c419d075927da41abc) Importer(2089858483,0ecaa5967403d082aa24f35e1b516d23) [PhysX] Initialized MultithreadedTaskDispatcher with 12 workers.
 -> (artifact id: 'ed0c972fdf83d329c0a4853dffab1ea8') in 0.017142 seconds
Number of updated asset objects reloaded before import = 0
Number of asset objects unloaded after import = 1
========================================================================
Received Import Request.
  Time since last request: 0.000042 seconds.
  path: Assets/Undead Survivor/Animations/Enemy/RunEnemy 2.anim
  artifactKey: Guid(d89bd5ff2e5805a46a05e1c461a2e88a) Importer(2089858483,0ecaa5967403d082aa24f35e1b516d23)
Start importing Assets/Undead Survivor/Animations/Enemy/RunEnemy 2.anim using Guid(d89bd5ff2e5805a46a05e1c461a2e88a) Importer(2089858483,0ecaa5967403d082aa24f35e1b516d23) [PhysX] Initialized MultithreadedTaskDispatcher with 12 workers.
 -> (artifact id: '31573d92c8f0742e50da741015871a31') in 0.017538 seconds
Number of updated asset objects reloaded before import = 0
Number of asset objects unloaded after import = 1
Editor requested this worker to shutdown with reason: Scaling down because of idle timeout
TcpMessagingSession - receive error: operation aborted. errorcode: 995, details: 스레드 종료 또는 응용 프로그램 요청 때문에 I/O 작업이 취소되었습니다.
AssetImportWorker is now disconnected from the server
Process exiting
Exiting without the bug reporter. Application will terminate with return code 0